undefined -- Thu Feb 03 2022 09:05:48 GMT+0200 (Israel Standard Time) 
 --> SyntaxError: Unexpected token t in JSON at position 11
    at JSON.parse (<anonymous>)
    at parse (/Users/ellabenatia/Desktop/project/finalproject/node_modules/body-parser/lib/types/json.js:89:19)
    at /Users/ellabenatia/Desktop/project/finalproject/node_modules/body-parser/lib/read.js:121:18
    at invokeCallback (/Users/ellabenatia/Desktop/project/finalproject/node_modules/raw-body/index.js:224:16)
    at done (/Users/ellabenatia/Desktop/project/finalproject/node_modules/raw-body/index.js:213:7)
    at IncomingMessage.onEnd (/Users/ellabenatia/Desktop/project/finalproject/node_modules/raw-body/index.js:273:7)
    at IncomingMessage.emit (node:events:391:22)
    at endReadableNT (node:internal/streams/readable:1307:12)
    at processTicksAndRejections (node:internal/process/task_queues:81:21)
f8d3a4e9-675c-446c-8b4b-d7369d037a41 -- Thu Feb 03 2022 09:20:16 GMT+0200 (Israel Standard Time) 
 --> SyntaxError: Unexpected token c in JSON at position 1
    at JSON.parse (<anonymous>)
    at parse (/Users/ellabenatia/Desktop/project/finalproject/node_modules/body-parser/lib/types/json.js:89:19)
    at /Users/ellabenatia/Desktop/project/finalproject/node_modules/body-parser/lib/read.js:121:18
    at invokeCallback (/Users/ellabenatia/Desktop/project/finalproject/node_modules/raw-body/index.js:224:16)
    at done (/Users/ellabenatia/Desktop/project/finalproject/node_modules/raw-body/index.js:213:7)
    at IncomingMessage.onEnd (/Users/ellabenatia/Desktop/project/finalproject/node_modules/raw-body/index.js:273:7)
    at IncomingMessage.emit (node:events:391:22)
    at endReadableNT (node:internal/streams/readable:1307:12)
    at processTicksAndRejections (node:internal/process/task_queues:81:21)
