POST , /api/individual , 95aae331-ebd1-4d5c-8e1c-89980fd1a3e0 -- Wed Feb 09 2022 11:29:31 GMT+0200 (Israel Standard Time)
POST , /api/individual , e7ec944a-09e2-40f8-aa90-c66cd1e0b59e -- Wed Feb 09 2022 11:30:17 GMT+0200 (Israel Standard Time)
POST , /api/individual , 86291577-59eb-46e2-bbe7-18889b60cb7e -- Wed Feb 09 2022 11:30:48 GMT+0200 (Israel Standard Time)
POST , /api/individual , a593ac6a-076f-4da9-8657-66d7a0e2d410 -- Wed Feb 09 2022 11:31:26 GMT+0200 (Israel Standard Time)
GET , /api/individual/2 , 9369d3c4-0d28-4aef-a45a-0279851e7556 -- Wed Feb 09 2022 11:32:23 GMT+0200 (Israel Standard Time)
GET , /api/individual/26564564 , 01fbaec0-929b-4b2a-9cb9-5b04fbdc30df -- Wed Feb 09 2022 11:32:45 GMT+0200 (Israel Standard Time)
GET , /api/individual/bolbol , 6ef75715-e2a2-4bdf-955d-02d2d0a6c136 -- Wed Feb 09 2022 11:34:07 GMT+0200 (Israel Standard Time)
GET , /api/individual/not_a_number , 2b4dfc3b-fa59-4c44-9689-8b7a415ab027 -- Wed Feb 09 2022 11:34:17 GMT+0200 (Israel Standard Time)
GET , /api/individual/sometext , 95deab33-be51-49a9-a0c9-ed8d2c1845df -- Wed Feb 09 2022 11:34:30 GMT+0200 (Israel Standard Time)
GET , /api/individual/2 , 8c2bc25c-d5bf-4a73-9c24-9365d7d5e49b -- Wed Feb 09 2022 11:34:32 GMT+0200 (Israel Standard Time)
GET , /api/individual/7596756 , 4332f5ef-01d7-42d8-9950-e50df1644439 -- Wed Feb 09 2022 11:34:41 GMT+0200 (Israel Standard Time)
GET , /api/individual/26564564 , 58b8da3c-09c7-4442-9230-159a47fd68a4 -- Wed Feb 09 2022 11:34:45 GMT+0200 (Israel Standard Time)
GET , /api/individual/1 , d6e4728c-aa00-47a5-b564-20f79d9b7ce7 -- Wed Feb 09 2022 11:34:49 GMT+0200 (Israel Standard Time)
GET , /api/individual/4569655 , ab54ab55-427c-497e-86df-7b49031d9ac7 -- Wed Feb 09 2022 11:35:00 GMT+0200 (Israel Standard Time)
GET , /api/business/1 , a18468d7-e3fc-48eb-ae9f-73f4874f91b1 -- Wed Feb 09 2022 11:36:33 GMT+0200 (Israel Standard Time)
GET , /api/business/2654645 , fc685e5d-5591-41a6-8b82-14729b56f63b -- Wed Feb 09 2022 11:36:39 GMT+0200 (Israel Standard Time)
GET , /api/business/mdfvkldml , ed8d327e-02a8-41ed-af71-417d940c4d8d -- Wed Feb 09 2022 11:36:46 GMT+0200 (Israel Standard Time)
GET , /api/individual/2 , 48fc1a04-6679-4002-927e-e5738861d6c9 -- Wed Feb 09 2022 11:37:38 GMT+0200 (Israel Standard Time)
POST , /api/individual , 3deea292-548d-4eb2-8875-507a75c63e25 -- Wed Feb 09 2022 11:37:46 GMT+0200 (Israel Standard Time)
GET , /api/business/1 , 30c12b11-0665-4159-8c10-a6217e927bb6 -- Wed Feb 09 2022 11:38:05 GMT+0200 (Israel Standard Time)
POST , /api/business , 3bff678f-9e46-493a-bcb6-a22f3b16f5d7 -- Wed Feb 09 2022 11:39:07 GMT+0200 (Israel Standard Time)
POST , /api/business , a41881f0-1fd2-470e-b8c4-29df5a0ced97 -- Wed Feb 09 2022 11:39:46 GMT+0200 (Israel Standard Time)
POST , /api/business , e282ab48-adac-4e5c-b054-908345dfe10e -- Wed Feb 09 2022 11:40:00 GMT+0200 (Israel Standard Time)
POST , /api/business , 08ef4f23-35d2-4aef-abf7-3c5abf137d0d -- Wed Feb 09 2022 11:41:07 GMT+0200 (Israel Standard Time)
GET , /api/business/1 , 5b1c1e9d-480c-4d95-9ef3-7872b9f1d35b -- Wed Feb 09 2022 11:41:20 GMT+0200 (Israel Standard Time)
POST , /api/family , e204d5d8-eeb8-4241-8b2e-88f463d65131 -- Wed Feb 09 2022 11:50:24 GMT+0200 (Israel Standard Time)
